<?xml version="1.0" ?><testsuite errors="0" failures="0" hostname="localhost" name="lettuce" tests="58" time="0" timestamp="2015-10-06T16:16:43"><testcase classname="Sign In : Sign In with empty data" name="Given I go to &quot;sign up&quot; page" time="2.877165"/><testcase classname="Sign In : Sign In with empty data" name="When I click on &quot;button signup&quot; in &quot;sign up&quot;" time="0.184809"/><testcase classname="Sign In : Sign In with empty data" name="And I see &quot;alert all empty&quot; in &quot;sign up&quot;" time="0.550799"/><testcase classname="Sign In : Sign In with empty data" name="Then I click on &quot;button close alert&quot; in &quot;sign up&quot;" time="0.156531"/><testcase classname="Sign In : Sign In just with name" name="Given I go to &quot;sign up&quot; page" time="0.926339"/><testcase classname="Sign In : Sign In just with name" name="When I fill &quot;input name&quot; by &quot;name&quot; in &quot;sign up&quot;" time="0.214708"/><testcase classname="Sign In : Sign In just with name" name="And I click on &quot;button signup&quot; in &quot;sign up&quot;" time="1.155476"/><testcase classname="Sign In : Sign In just with name" name="Then I see &quot;alert all empty&quot; in &quot;sign up&quot;" time="0.697094"/><testcase classname="Sign In : Sign In with empty name" name="Given I go to &quot;sign up&quot; page" time="0.932425"/><testcase classname="Sign In : Sign In with empty name" name="When I fill &quot;input email&quot; by &quot;email&quot; in &quot;sign up&quot;" time="0.158696"/><testcase classname="Sign In : Sign In with empty name" name="And I fill &quot;input password&quot; by &quot;password&quot; in &quot;sign up&quot;" time="0.162095"/><testcase classname="Sign In : Sign In with empty name" name="And I fill &quot;input re-password&quot; by &quot;password&quot; in &quot;sign up&quot;" time="0.142552"/><testcase classname="Sign In : Sign In with empty name" name="And I click on &quot;button signup&quot; in &quot;sign up&quot;" time="0.128151"/><testcase classname="Sign In : Sign In with empty name" name="Then I see &quot;alert empty name&quot; in &quot;sign up&quot;" time="0.538039"/><testcase classname="Sign In : Sign In with invalid email" name="Given I go to &quot;sign up&quot; page" time="1.110829"/><testcase classname="Sign In : Sign In with invalid email" name="When I fill &quot;input name&quot; by &quot;name&quot; in &quot;sign up&quot;" time="0.184598"/><testcase classname="Sign In : Sign In with invalid email" name="And I fill &quot;input email&quot; by &quot;bad email&quot; in &quot;sign up&quot;" time="0.142688"/><testcase classname="Sign In : Sign In with invalid email" name="And I fill &quot;input password&quot; by &quot;password&quot; in &quot;sign up&quot;" time="0.188303"/><testcase classname="Sign In : Sign In with invalid email" name="And I fill &quot;input re-password&quot; by &quot;password&quot; in &quot;sign up&quot;" time="0.188528"/><testcase classname="Sign In : Sign In with invalid email" name="And I click on &quot;button signup&quot; in &quot;sign up&quot;" time="0.199015"/><testcase classname="Sign In : Sign In with invalid email" name="Then I see &quot;alert invalid email&quot; in &quot;sign up&quot;" time="0.613053"/><testcase classname="Sign In : Sign In with empty email" name="Given I go to &quot;sign up&quot; page" time="0.941843"/><testcase classname="Sign In : Sign In with empty email" name="When I fill &quot;input name&quot; by &quot;name&quot; in &quot;sign up&quot;" time="0.179615"/><testcase classname="Sign In : Sign In with empty email" name="And I fill &quot;input password&quot; by &quot;password&quot; in &quot;sign up&quot;" time="0.217314"/><testcase classname="Sign In : Sign In with empty email" name="And I fill &quot;input re-password&quot; by &quot;password&quot; in &quot;sign up&quot;" time="0.150358"/><testcase classname="Sign In : Sign In with empty email" name="And I click on &quot;button signup&quot; in &quot;sign up&quot;" time="0.11066"/><testcase classname="Sign In : Sign In with empty email" name="Then I see &quot;alert invalid email&quot; in &quot;sign up&quot;" time="0.536881"/><testcase classname="Sign In : Sign In just with email" name="Given I go to &quot;sign up&quot; page" time="0.969825"/><testcase classname="Sign In : Sign In just with email" name="When I fill &quot;input email&quot; by &quot;email&quot; in &quot;sign up&quot;" time="0.150099"/><testcase classname="Sign In : Sign In just with email" name="And I click on &quot;button signup&quot; in &quot;sign up&quot;" time="0.102585"/><testcase classname="Sign In : Sign In just with email" name="Then I see &quot;alert empty name&quot; in &quot;sign up&quot;" time="0.544826"/><testcase classname="Sign In : Sign In with invalid short password" name="Given I go to &quot;sign up&quot; page" time="0.870325"/><testcase classname="Sign In : Sign In with invalid short password" name="When I fill &quot;input name&quot; by &quot;name&quot; in &quot;sign up&quot;" time="0.193206"/><testcase classname="Sign In : Sign In with invalid short password" name="And I fill &quot;input email&quot; by &quot;email&quot; in &quot;sign up&quot;" time="0.19271"/><testcase classname="Sign In : Sign In with invalid short password" name="And I fill &quot;input password&quot; by &quot;short password&quot; in &quot;sign up&quot;" time="0.246578"/><testcase classname="Sign In : Sign In with invalid short password" name="And I fill &quot;input re-password&quot; by &quot;short password&quot; in &quot;sign up&quot;" time="0.091563"/><testcase classname="Sign In : Sign In with invalid short password" name="And I click on &quot;button signup&quot; in &quot;sign up&quot;" time="0.136763"/><testcase classname="Sign In : Sign In with invalid short password" name="Then I see &quot;alert short password&quot; in &quot;sign up&quot;" time="1.096092"/><testcase classname="Sign In : Sign In with empty password" name="Given I go to &quot;sign up&quot; page" time="1.102013"/><testcase classname="Sign In : Sign In with empty password" name="When I fill &quot;input name&quot; by &quot;name&quot; in &quot;sign up&quot;" time="0.237507"/><testcase classname="Sign In : Sign In with empty password" name="And I fill &quot;input email&quot; by &quot;email&quot; in &quot;sign up&quot;" time="0.157992"/><testcase classname="Sign In : Sign In with empty password" name="And I click on &quot;button signup&quot; in &quot;sign up&quot;" time="0.116373"/><testcase classname="Sign In : Sign In with empty password" name="Then I see &quot;alert empty password&quot; in &quot;sign up&quot;" time="0.567675"/><testcase classname="Sign In : Sign In with different passwords" name="Given I go to &quot;sign up&quot; page" time="0.958596"/><testcase classname="Sign In : Sign In with different passwords" name="When I fill &quot;input name&quot; by &quot;name&quot; in &quot;sign up&quot;" time="0.189603"/><testcase classname="Sign In : Sign In with different passwords" name="And I fill &quot;input email&quot; by &quot;email&quot; in &quot;sign up&quot;" time="0.164608"/><testcase classname="Sign In : Sign In with different passwords" name="And I fill &quot;input password&quot; by &quot;short password&quot; in &quot;sign up&quot;" time="0.069613"/><testcase classname="Sign In : Sign In with different passwords" name="And I fill &quot;input re-password&quot; by &quot;password&quot; in &quot;sign up&quot;" time="0.146443"/><testcase classname="Sign In : Sign In with different passwords" name="And I click on &quot;button signup&quot; in &quot;sign up&quot;" time="0.111237"/><testcase classname="Sign In : Sign In with different passwords" name="Then I see &quot;alert don't match passwords&quot; in &quot;sign up&quot;" time="0.548566"/><testcase classname="Sign In : Sign In with good data" name="Given I go to &quot;sign up&quot; page" time="1.023887"/><testcase classname="Sign In : Sign In with good data" name="When I fill &quot;input name&quot; by &quot;true name&quot; in &quot;sign up&quot;" time="0.123667"/><testcase classname="Sign In : Sign In with good data" name="And I fill &quot;input email&quot; by &quot;email&quot; in &quot;sign up&quot;" time="0.150147"/><testcase classname="Sign In : Sign In with good data" name="And I fill &quot;input password&quot; by &quot;password&quot; in &quot;sign up&quot;" time="0.177862"/><testcase classname="Sign In : Sign In with good data" name="And I fill &quot;input re-password&quot; by &quot;password&quot; in &quot;sign up&quot;" time="0.144361"/><testcase classname="Sign In : Sign In with good data" name="And I click on &quot;button signup&quot; in &quot;sign up&quot;" time="0.124893"/><testcase classname="Sign In : Sign In with good data" name="Then I see &quot;welcome title&quot; in &quot;welcome&quot;" time="1.527446"/><testcase classname="Sign In : Sign In with good data" name="And I see &quot;user name&quot; in &quot;header&quot;" time="0.542185"/></testsuite>